::1 - - [18/Apr/2020:13:18:57 +0000] "GET / HTTP/1.1" 500 - "-" "Mozilla/5.0 (Windows NT 6.3; Win64; x64) AppleWebKit/537.36 (KHTML, like Gecko) Chrome/81.0.4044.113 Safari/537.36"
::1 - - [18/Apr/2020:13:28:15 +0000] "GET / HTTP/1.1" 304 - "http://localhost:3000/products" "Mozilla/5.0 (Windows NT 6.3; Win64; x64) AppleWebKit/537.36 (KHTML, like Gecko) Chrome/81.0.4044.113 Safari/537.36"
::1 - - [18/Apr/2020:13:28:15 +0000] "GET /css/main.css HTTP/1.1" 304 - "http://localhost:3000/" "Mozilla/5.0 (Windows NT 6.3; Win64; x64) AppleWebKit/537.36 (KHTML, like Gecko) Chrome/81.0.4044.113 Safari/537.36"
::1 - - [18/Apr/2020:13:28:15 +0000] "GET /css/shop.css HTTP/1.1" 304 - "http://localhost:3000/" "Mozilla/5.0 (Windows NT 6.3; Win64; x64) AppleWebKit/537.36 (KHTML, like Gecko) Chrome/81.0.4044.113 Safari/537.36"
::1 - - [18/Apr/2020:13:28:15 +0000] "GET /images/dq5zt72wk8vy2vk3-HarryPotter.png HTTP/1.1" 304 - "http://localhost:3000/" "Mozilla/5.0 (Windows NT 6.3; Win64; x64) AppleWebKit/537.36 (KHTML, like Gecko) Chrome/81.0.4044.113 Safari/537.36"
::1 - - [18/Apr/2020:13:28:16 +0000] "GET /favicon.ico HTTP/1.1" 200 - "http://localhost:3000/" "Mozilla/5.0 (Windows NT 6.3; Win64; x64) AppleWebKit/537.36 (KHTML, like Gecko) Chrome/81.0.4044.113 Safari/537.36"
::1 - - [18/Apr/2020:13:28:25 +0000] "GET /products HTTP/1.1" 304 - "http://localhost:3000/" "Mozilla/5.0 (Windows NT 6.3; Win64; x64) AppleWebKit/537.36 (KHTML, like Gecko) Chrome/81.0.4044.113 Safari/537.36"
::1 - - [18/Apr/2020:13:28:25 +0000] "GET /css/main.css HTTP/1.1" 304 - "http://localhost:3000/products" "Mozilla/5.0 (Windows NT 6.3; Win64; x64) AppleWebKit/537.36 (KHTML, like Gecko) Chrome/81.0.4044.113 Safari/537.36"
::1 - - [18/Apr/2020:13:28:25 +0000] "GET /css/shop.css HTTP/1.1" 304 - "http://localhost:3000/products" "Mozilla/5.0 (Windows NT 6.3; Win64; x64) AppleWebKit/537.36 (KHTML, like Gecko) Chrome/81.0.4044.113 Safari/537.36"
::1 - - [18/Apr/2020:13:28:26 +0000] "GET /images/dq5zt72wk8vy2vk3-HarryPotter.png HTTP/1.1" 304 - "http://localhost:3000/products" "Mozilla/5.0 (Windows NT 6.3; Win64; x64) AppleWebKit/537.36 (KHTML, like Gecko) Chrome/81.0.4044.113 Safari/537.36"
::1 - - [18/Apr/2020:13:28:26 +0000] "GET /favicon.ico HTTP/1.1" 304 - "http://localhost:3000/products" "Mozilla/5.0 (Windows NT 6.3; Win64; x64) AppleWebKit/537.36 (KHTML, like Gecko) Chrome/81.0.4044.113 Safari/537.36"
::1 - - [18/Apr/2020:13:36:40 +0000] "GET / HTTP/1.1" 304 - "http://localhost:3000/products" "Mozilla/5.0 (Windows NT 6.3; Win64; x64) AppleWebKit/537.36 (KHTML, like Gecko) Chrome/81.0.4044.113 Safari/537.36"
::1 - - [18/Apr/2020:13:36:41 +0000] "GET /css/shop.css HTTP/1.1" 304 - "http://localhost:3000/" "Mozilla/5.0 (Windows NT 6.3; Win64; x64) AppleWebKit/537.36 (KHTML, like Gecko) Chrome/81.0.4044.113 Safari/537.36"
::1 - - [18/Apr/2020:13:36:41 +0000] "GET /css/main.css HTTP/1.1" 304 - "http://localhost:3000/" "Mozilla/5.0 (Windows NT 6.3; Win64; x64) AppleWebKit/537.36 (KHTML, like Gecko) Chrome/81.0.4044.113 Safari/537.36"
::1 - - [18/Apr/2020:13:36:41 +0000] "GET /images/dq5zt72wk8vy2vk3-HarryPotter.png HTTP/1.1" 304 - "http://localhost:3000/" "Mozilla/5.0 (Windows NT 6.3; Win64; x64) AppleWebKit/537.36 (KHTML, like Gecko) Chrome/81.0.4044.113 Safari/537.36"
::1 - - [18/Apr/2020:13:36:41 +0000] "GET /favicon.ico HTTP/1.1" 304 - "http://localhost:3000/" "Mozilla/5.0 (Windows NT 6.3; Win64; x64) AppleWebKit/537.36 (KHTML, like Gecko) Chrome/81.0.4044.113 Safari/537.36"
::1 - - [18/Apr/2020:13:46:33 +0000] "GET /products HTTP/1.1" 304 - "http://localhost:3000/" "Mozilla/5.0 (Windows NT 6.3; Win64; x64) AppleWebKit/537.36 (KHTML, like Gecko) Chrome/81.0.4044.113 Safari/537.36"
::1 - - [18/Apr/2020:13:46:33 +0000] "GET /css/main.css HTTP/1.1" 304 - "http://localhost:3000/products" "Mozilla/5.0 (Windows NT 6.3; Win64; x64) AppleWebKit/537.36 (KHTML, like Gecko) Chrome/81.0.4044.113 Safari/537.36"
::1 - - [18/Apr/2020:13:46:33 +0000] "GET /css/shop.css HTTP/1.1" 304 - "http://localhost:3000/products" "Mozilla/5.0 (Windows NT 6.3; Win64; x64) AppleWebKit/537.36 (KHTML, like Gecko) Chrome/81.0.4044.113 Safari/537.36"
::1 - - [18/Apr/2020:13:46:33 +0000] "GET /images/dq5zt72wk8vy2vk3-HarryPotter.png HTTP/1.1" 304 - "http://localhost:3000/products" "Mozilla/5.0 (Windows NT 6.3; Win64; x64) AppleWebKit/537.36 (KHTML, like Gecko) Chrome/81.0.4044.113 Safari/537.36"
::1 - - [18/Apr/2020:13:46:34 +0000] "GET /favicon.ico HTTP/1.1" 304 - "http://localhost:3000/products" "Mozilla/5.0 (Windows NT 6.3; Win64; x64) AppleWebKit/537.36 (KHTML, like Gecko) Chrome/81.0.4044.113 Safari/537.36"
::1 - - [18/Apr/2020:13:46:41 +0000] "GET /products/5e920a72742d6d23d8e7b0ad HTTP/1.1" 200 - "http://localhost:3000/products" "Mozilla/5.0 (Windows NT 6.3; Win64; x64) AppleWebKit/537.36 (KHTML, like Gecko) Chrome/81.0.4044.113 Safari/537.36"
::1 - - [18/Apr/2020:13:46:41 +0000] "GET /css/shop.css HTTP/1.1" 304 - "http://localhost:3000/products/5e920a72742d6d23d8e7b0ad" "Mozilla/5.0 (Windows NT 6.3; Win64; x64) AppleWebKit/537.36 (KHTML, like Gecko) Chrome/81.0.4044.113 Safari/537.36"
::1 - - [18/Apr/2020:13:46:41 +0000] "GET /css/main.css HTTP/1.1" 304 - "http://localhost:3000/products/5e920a72742d6d23d8e7b0ad" "Mozilla/5.0 (Windows NT 6.3; Win64; x64) AppleWebKit/537.36 (KHTML, like Gecko) Chrome/81.0.4044.113 Safari/537.36"
::1 - - [18/Apr/2020:13:46:41 +0000] "GET /products/images/dq5zt72wk8vy2vk3-HarryPotter.png HTTP/1.1" 200 - "http://localhost:3000/products/5e920a72742d6d23d8e7b0ad" "Mozilla/5.0 (Windows NT 6.3; Win64; x64) AppleWebKit/537.36 (KHTML, like Gecko) Chrome/81.0.4044.113 Safari/537.36"
::1 - - [18/Apr/2020:13:46:41 +0000] "GET /favicon.ico HTTP/1.1" 304 - "http://localhost:3000/products/5e920a72742d6d23d8e7b0ad" "Mozilla/5.0 (Windows NT 6.3; Win64; x64) AppleWebKit/537.36 (KHTML, like Gecko) Chrome/81.0.4044.113 Safari/537.36"
::1 - - [18/Apr/2020:13:46:55 +0000] "GET /favicon.ico HTTP/1.1" 304 - "http://localhost:3000/products" "Mozilla/5.0 (Windows NT 6.3; Win64; x64) AppleWebKit/537.36 (KHTML, like Gecko) Chrome/81.0.4044.113 Safari/537.36"
::1 - - [18/Apr/2020:13:46:57 +0000] "GET / HTTP/1.1" 304 - "http://localhost:3000/products" "Mozilla/5.0 (Windows NT 6.3; Win64; x64) AppleWebKit/537.36 (KHTML, like Gecko) Chrome/81.0.4044.113 Safari/537.36"
::1 - - [18/Apr/2020:13:46:57 +0000] "GET /css/shop.css HTTP/1.1" 304 - "http://localhost:3000/" "Mozilla/5.0 (Windows NT 6.3; Win64; x64) AppleWebKit/537.36 (KHTML, like Gecko) Chrome/81.0.4044.113 Safari/537.36"
::1 - - [18/Apr/2020:13:46:57 +0000] "GET /css/main.css HTTP/1.1" 304 - "http://localhost:3000/" "Mozilla/5.0 (Windows NT 6.3; Win64; x64) AppleWebKit/537.36 (KHTML, like Gecko) Chrome/81.0.4044.113 Safari/537.36"
::1 - - [18/Apr/2020:13:46:57 +0000] "GET /images/dq5zt72wk8vy2vk3-HarryPotter.png HTTP/1.1" 304 - "http://localhost:3000/" "Mozilla/5.0 (Windows NT 6.3; Win64; x64) AppleWebKit/537.36 (KHTML, like Gecko) Chrome/81.0.4044.113 Safari/537.36"
::1 - - [18/Apr/2020:13:46:58 +0000] "GET /favicon.ico HTTP/1.1" 304 - "http://localhost:3000/" "Mozilla/5.0 (Windows NT 6.3; Win64; x64) AppleWebKit/537.36 (KHTML, like Gecko) Chrome/81.0.4044.113 Safari/537.36"
::1 - - [18/Apr/2020:13:47:00 +0000] "GET /products HTTP/1.1" 304 - "http://localhost:3000/" "Mozilla/5.0 (Windows NT 6.3; Win64; x64) AppleWebKit/537.36 (KHTML, like Gecko) Chrome/81.0.4044.113 Safari/537.36"
::1 - - [18/Apr/2020:13:47:00 +0000] "GET /css/main.css HTTP/1.1" 304 - "http://localhost:3000/products" "Mozilla/5.0 (Windows NT 6.3; Win64; x64) AppleWebKit/537.36 (KHTML, like Gecko) Chrome/81.0.4044.113 Safari/537.36"
::1 - - [18/Apr/2020:13:47:00 +0000] "GET /css/shop.css HTTP/1.1" 304 - "http://localhost:3000/products" "Mozilla/5.0 (Windows NT 6.3; Win64; x64) AppleWebKit/537.36 (KHTML, like Gecko) Chrome/81.0.4044.113 Safari/537.36"
::1 - - [18/Apr/2020:13:47:00 +0000] "GET /images/dq5zt72wk8vy2vk3-HarryPotter.png HTTP/1.1" 304 - "http://localhost:3000/products" "Mozilla/5.0 (Windows NT 6.3; Win64; x64) AppleWebKit/537.36 (KHTML, like Gecko) Chrome/81.0.4044.113 Safari/537.36"
::1 - - [18/Apr/2020:13:47:01 +0000] "GET /favicon.ico HTTP/1.1" 304 - "http://localhost:3000/products" "Mozilla/5.0 (Windows NT 6.3; Win64; x64) AppleWebKit/537.36 (KHTML, like Gecko) Chrome/81.0.4044.113 Safari/537.36"
::1 - - [18/Apr/2020:13:47:02 +0000] "GET /products/5e920a72742d6d23d8e7b0ad HTTP/1.1" 304 - "http://localhost:3000/products" "Mozilla/5.0 (Windows NT 6.3; Win64; x64) AppleWebKit/537.36 (KHTML, like Gecko) Chrome/81.0.4044.113 Safari/537.36"
::1 - - [18/Apr/2020:13:47:02 +0000] "GET /css/main.css HTTP/1.1" 304 - "http://localhost:3000/products/5e920a72742d6d23d8e7b0ad" "Mozilla/5.0 (Windows NT 6.3; Win64; x64) AppleWebKit/537.36 (KHTML, like Gecko) Chrome/81.0.4044.113 Safari/537.36"
::1 - - [18/Apr/2020:13:47:02 +0000] "GET /css/shop.css HTTP/1.1" 304 - "http://localhost:3000/products/5e920a72742d6d23d8e7b0ad" "Mozilla/5.0 (Windows NT 6.3; Win64; x64) AppleWebKit/537.36 (KHTML, like Gecko) Chrome/81.0.4044.113 Safari/537.36"
::1 - - [18/Apr/2020:13:47:02 +0000] "GET /products/images/dq5zt72wk8vy2vk3-HarryPotter.png HTTP/1.1" 304 - "http://localhost:3000/products/5e920a72742d6d23d8e7b0ad" "Mozilla/5.0 (Windows NT 6.3; Win64; x64) AppleWebKit/537.36 (KHTML, like Gecko) Chrome/81.0.4044.113 Safari/537.36"
::1 - - [18/Apr/2020:13:47:02 +0000] "GET /favicon.ico HTTP/1.1" 304 - "http://localhost:3000/products/5e920a72742d6d23d8e7b0ad" "Mozilla/5.0 (Windows NT 6.3; Win64; x64) AppleWebKit/537.36 (KHTML, like Gecko) Chrome/81.0.4044.113 Safari/537.36"
::1 - - [18/Apr/2020:13:47:08 +0000] "GET /css/main.css HTTP/1.1" 304 - "http://localhost:3000/products/5e920a72742d6d23d8e7b0ad" "Mozilla/5.0 (Windows NT 6.3; Win64; x64) AppleWebKit/537.36 (KHTML, like Gecko) Chrome/81.0.4044.113 Safari/537.36"
::1 - - [18/Apr/2020:13:47:08 +0000] "GET /css/shop.css HTTP/1.1" 304 - "http://localhost:3000/products/5e920a72742d6d23d8e7b0ad" "Mozilla/5.0 (Windows NT 6.3; Win64; x64) AppleWebKit/537.36 (KHTML, like Gecko) Chrome/81.0.4044.113 Safari/537.36"
::1 - - [18/Apr/2020:13:53:01 +0000] "GET /products HTTP/1.1" 200 - "http://localhost:3000/products/5e920a72742d6d23d8e7b0ad" "Mozilla/5.0 (Windows NT 6.3; Win64; x64) AppleWebKit/537.36 (KHTML, like Gecko) Chrome/81.0.4044.113 Safari/537.36"
::1 - - [18/Apr/2020:13:53:01 +0000] "GET /css/main.css HTTP/1.1" 200 - "http://localhost:3000/products" "Mozilla/5.0 (Windows NT 6.3; Win64; x64) AppleWebKit/537.36 (KHTML, like Gecko) Chrome/81.0.4044.113 Safari/537.36"
::1 - - [18/Apr/2020:13:53:01 +0000] "GET /css/shop.css HTTP/1.1" 200 - "http://localhost:3000/products" "Mozilla/5.0 (Windows NT 6.3; Win64; x64) AppleWebKit/537.36 (KHTML, like Gecko) Chrome/81.0.4044.113 Safari/537.36"
::1 - - [18/Apr/2020:13:53:01 +0000] "GET /images/dq5zt72wk8vy2vk3-HarryPotter.png HTTP/1.1" 200 555088 "http://localhost:3000/products" "Mozilla/5.0 (Windows NT 6.3; Win64; x64) AppleWebKit/537.36 (KHTML, like Gecko) Chrome/81.0.4044.113 Safari/537.36"
::1 - - [18/Apr/2020:13:53:02 +0000] "GET /favicon.ico HTTP/1.1" 200 - "http://localhost:3000/products" "Mozilla/5.0 (Windows NT 6.3; Win64; x64) AppleWebKit/537.36 (KHTML, like Gecko) Chrome/81.0.4044.113 Safari/537.36"
::1 - - [18/Apr/2020:13:53:18 +0000] "GET /products/5e920a72742d6d23d8e7b0ad HTTP/1.1" 200 - "http://localhost:3000/products" "Mozilla/5.0 (Windows NT 6.3; Win64; x64) AppleWebKit/537.36 (KHTML, like Gecko) Chrome/81.0.4044.113 Safari/537.36"
::1 - - [18/Apr/2020:13:53:18 +0000] "GET /css/main.css HTTP/1.1" 200 - "http://localhost:3000/products/5e920a72742d6d23d8e7b0ad" "Mozilla/5.0 (Windows NT 6.3; Win64; x64) AppleWebKit/537.36 (KHTML, like Gecko) Chrome/81.0.4044.113 Safari/537.36"
::1 - - [18/Apr/2020:13:53:18 +0000] "GET /css/shop.css HTTP/1.1" 200 - "http://localhost:3000/products/5e920a72742d6d23d8e7b0ad" "Mozilla/5.0 (Windows NT 6.3; Win64; x64) AppleWebKit/537.36 (KHTML, like Gecko) Chrome/81.0.4044.113 Safari/537.36"
::1 - - [18/Apr/2020:13:53:19 +0000] "GET /products/images/dq5zt72wk8vy2vk3-HarryPotter.png HTTP/1.1" 200 - "http://localhost:3000/products/5e920a72742d6d23d8e7b0ad" "Mozilla/5.0 (Windows NT 6.3; Win64; x64) AppleWebKit/537.36 (KHTML, like Gecko) Chrome/81.0.4044.113 Safari/537.36"
::1 - - [18/Apr/2020:13:53:19 +0000] "GET /favicon.ico HTTP/1.1" 200 - "http://localhost:3000/products/5e920a72742d6d23d8e7b0ad" "Mozilla/5.0 (Windows NT 6.3; Win64; x64) AppleWebKit/537.36 (KHTML, like Gecko) Chrome/81.0.4044.113 Safari/537.36"
::1 - - [18/Apr/2020:13:53:57 +0000] "GET /products/images/dq5zt72wk8vy2vk3-HarryPotter.png HTTP/1.1" 304 - "-" "Mozilla/5.0 (Windows NT 6.3; Win64; x64) AppleWebKit/537.36 (KHTML, like Gecko) Chrome/81.0.4044.113 Safari/537.36"
::1 - - [18/Apr/2020:13:53:57 +0000] "GET /css/main.css HTTP/1.1" 304 - "http://localhost:3000/products/images/dq5zt72wk8vy2vk3-HarryPotter.png" "Mozilla/5.0 (Windows NT 6.3; Win64; x64) AppleWebKit/537.36 (KHTML, like Gecko) Chrome/81.0.4044.113 Safari/537.36"
::1 - - [18/Apr/2020:13:53:57 +0000] "GET /css/error.css HTTP/1.1" 200 158 "http://localhost:3000/products/images/dq5zt72wk8vy2vk3-HarryPotter.png" "Mozilla/5.0 (Windows NT 6.3; Win64; x64) AppleWebKit/537.36 (KHTML, like Gecko) Chrome/81.0.4044.113 Safari/537.36"
::1 - - [18/Apr/2020:13:53:57 +0000] "GET /favicon.ico HTTP/1.1" 304 - "http://localhost:3000/products/images/dq5zt72wk8vy2vk3-HarryPotter.png" "Mozilla/5.0 (Windows NT 6.3; Win64; x64) AppleWebKit/537.36 (KHTML, like Gecko) Chrome/81.0.4044.113 Safari/537.36"
::1 - - [18/Apr/2020:13:54:04 +0000] "GET /products/images/dq5zt72wk8vy2vk3-HarryPotter.png HTTP/1.1" 304 - "-" "Mozilla/5.0 (Windows NT 6.3; Win64; x64) AppleWebKit/537.36 (KHTML, like Gecko) Chrome/81.0.4044.113 Safari/537.36"
::1 - - [18/Apr/2020:13:54:05 +0000] "GET /css/main.css HTTP/1.1" 304 - "http://localhost:3000/products/images/dq5zt72wk8vy2vk3-HarryPotter.png" "Mozilla/5.0 (Windows NT 6.3; Win64; x64) AppleWebKit/537.36 (KHTML, like Gecko) Chrome/81.0.4044.113 Safari/537.36"
::1 - - [18/Apr/2020:13:54:05 +0000] "GET /css/error.css HTTP/1.1" 304 - "http://localhost:3000/products/images/dq5zt72wk8vy2vk3-HarryPotter.png" "Mozilla/5.0 (Windows NT 6.3; Win64; x64) AppleWebKit/537.36 (KHTML, like Gecko) Chrome/81.0.4044.113 Safari/537.36"
::1 - - [18/Apr/2020:13:54:05 +0000] "GET /favicon.ico HTTP/1.1" 304 - "http://localhost:3000/products/images/dq5zt72wk8vy2vk3-HarryPotter.png" "Mozilla/5.0 (Windows NT 6.3; Win64; x64) AppleWebKit/537.36 (KHTML, like Gecko) Chrome/81.0.4044.113 Safari/537.36"
::1 - - [18/Apr/2020:13:54:22 +0000] "GET /products HTTP/1.1" 200 - "http://localhost:3000/products/5e920a72742d6d23d8e7b0ad" "Mozilla/5.0 (Windows NT 6.3; Win64; x64) AppleWebKit/537.36 (KHTML, like Gecko) Chrome/81.0.4044.113 Safari/537.36"
::1 - - [18/Apr/2020:13:54:22 +0000] "GET /css/main.css HTTP/1.1" 200 - "http://localhost:3000/products" "Mozilla/5.0 (Windows NT 6.3; Win64; x64) AppleWebKit/537.36 (KHTML, like Gecko) Chrome/81.0.4044.113 Safari/537.36"
::1 - - [18/Apr/2020:13:54:22 +0000] "GET /css/shop.css HTTP/1.1" 200 - "http://localhost:3000/products" "Mozilla/5.0 (Windows NT 6.3; Win64; x64) AppleWebKit/537.36 (KHTML, like Gecko) Chrome/81.0.4044.113 Safari/537.36"
::1 - - [18/Apr/2020:13:54:22 +0000] "GET /images/dq5zt72wk8vy2vk3-HarryPotter.png HTTP/1.1" 200 555088 "http://localhost:3000/products" "Mozilla/5.0 (Windows NT 6.3; Win64; x64) AppleWebKit/537.36 (KHTML, like Gecko) Chrome/81.0.4044.113 Safari/537.36"
::1 - - [18/Apr/2020:13:54:23 +0000] "GET /favicon.ico HTTP/1.1" 200 - "http://localhost:3000/products" "Mozilla/5.0 (Windows NT 6.3; Win64; x64) AppleWebKit/537.36 (KHTML, like Gecko) Chrome/81.0.4044.113 Safari/537.36"
::1 - - [18/Apr/2020:13:54:31 +0000] "GET /images/dq5zt72wk8vy2vk3-HarryPotter.png HTTP/1.1" 304 - "-" "Mozilla/5.0 (Windows NT 6.3; Win64; x64) AppleWebKit/537.36 (KHTML, like Gecko) Chrome/81.0.4044.113 Safari/537.36"
::1 - - [18/Apr/2020:13:54:32 +0000] "GET /favicon.ico HTTP/1.1" 304 - "http://localhost:3000/images/dq5zt72wk8vy2vk3-HarryPotter.png" "Mozilla/5.0 (Windows NT 6.3; Win64; x64) AppleWebKit/537.36 (KHTML, like Gecko) Chrome/81.0.4044.113 Safari/537.36"
::1 - - [18/Apr/2020:13:55:14 +0000] "GET /products HTTP/1.1" 200 - "http://localhost:3000/products/5e920a72742d6d23d8e7b0ad" "Mozilla/5.0 (Windows NT 6.3; Win64; x64) AppleWebKit/537.36 (KHTML, like Gecko) Chrome/81.0.4044.113 Safari/537.36"
::1 - - [18/Apr/2020:13:55:14 +0000] "GET /css/main.css HTTP/1.1" 200 - "http://localhost:3000/products" "Mozilla/5.0 (Windows NT 6.3; Win64; x64) AppleWebKit/537.36 (KHTML, like Gecko) Chrome/81.0.4044.113 Safari/537.36"
::1 - - [18/Apr/2020:13:55:14 +0000] "GET /css/shop.css HTTP/1.1" 200 - "http://localhost:3000/products" "Mozilla/5.0 (Windows NT 6.3; Win64; x64) AppleWebKit/537.36 (KHTML, like Gecko) Chrome/81.0.4044.113 Safari/537.36"
::1 - - [18/Apr/2020:13:55:14 +0000] "GET /images/dq5zt72wk8vy2vk3-HarryPotter.png HTTP/1.1" 200 555088 "http://localhost:3000/products" "Mozilla/5.0 (Windows NT 6.3; Win64; x64) AppleWebKit/537.36 (KHTML, like Gecko) Chrome/81.0.4044.113 Safari/537.36"
::1 - - [18/Apr/2020:13:55:15 +0000] "GET /favicon.ico HTTP/1.1" 200 - "http://localhost:3000/products" "Mozilla/5.0 (Windows NT 6.3; Win64; x64) AppleWebKit/537.36 (KHTML, like Gecko) Chrome/81.0.4044.113 Safari/537.36"
::1 - - [18/Apr/2020:13:55:17 +0000] "GET /products/5e920a72742d6d23d8e7b0ad HTTP/1.1" 200 - "http://localhost:3000/products" "Mozilla/5.0 (Windows NT 6.3; Win64; x64) AppleWebKit/537.36 (KHTML, like Gecko) Chrome/81.0.4044.113 Safari/537.36"
::1 - - [18/Apr/2020:13:55:17 +0000] "GET /css/shop.css HTTP/1.1" 200 - "http://localhost:3000/products/5e920a72742d6d23d8e7b0ad" "Mozilla/5.0 (Windows NT 6.3; Win64; x64) AppleWebKit/537.36 (KHTML, like Gecko) Chrome/81.0.4044.113 Safari/537.36"
::1 - - [18/Apr/2020:13:55:17 +0000] "GET /css/main.css HTTP/1.1" 200 - "http://localhost:3000/products/5e920a72742d6d23d8e7b0ad" "Mozilla/5.0 (Windows NT 6.3; Win64; x64) AppleWebKit/537.36 (KHTML, like Gecko) Chrome/81.0.4044.113 Safari/537.36"
::1 - - [18/Apr/2020:13:55:17 +0000] "GET /images/dq5zt72wk8vy2vk3-HarryPotter.png HTTP/1.1" 200 555088 "http://localhost:3000/products/5e920a72742d6d23d8e7b0ad" "Mozilla/5.0 (Windows NT 6.3; Win64; x64) AppleWebKit/537.36 (KHTML, like Gecko) Chrome/81.0.4044.113 Safari/537.36"
::1 - - [18/Apr/2020:13:55:17 +0000] "GET /favicon.ico HTTP/1.1" 200 - "http://localhost:3000/products/5e920a72742d6d23d8e7b0ad" "Mozilla/5.0 (Windows NT 6.3; Win64; x64) AppleWebKit/537.36 (KHTML, like Gecko) Chrome/81.0.4044.113 Safari/537.36"
::1 - - [18/Apr/2020:13:55:21 +0000] "GET /products HTTP/1.1" 200 - "http://localhost:3000/products/5e920a72742d6d23d8e7b0ad" "Mozilla/5.0 (Windows NT 6.3; Win64; x64) AppleWebKit/537.36 (KHTML, like Gecko) Chrome/81.0.4044.113 Safari/537.36"
::1 - - [18/Apr/2020:13:55:21 +0000] "GET /css/main.css HTTP/1.1" 200 - "http://localhost:3000/products" "Mozilla/5.0 (Windows NT 6.3; Win64; x64) AppleWebKit/537.36 (KHTML, like Gecko) Chrome/81.0.4044.113 Safari/537.36"
::1 - - [18/Apr/2020:13:55:21 +0000] "GET /css/shop.css HTTP/1.1" 200 - "http://localhost:3000/products" "Mozilla/5.0 (Windows NT 6.3; Win64; x64) AppleWebKit/537.36 (KHTML, like Gecko) Chrome/81.0.4044.113 Safari/537.36"
::1 - - [18/Apr/2020:13:55:21 +0000] "GET /images/dq5zt72wk8vy2vk3-HarryPotter.png HTTP/1.1" 200 555088 "http://localhost:3000/products" "Mozilla/5.0 (Windows NT 6.3; Win64; x64) AppleWebKit/537.36 (KHTML, like Gecko) Chrome/81.0.4044.113 Safari/537.36"
::1 - - [18/Apr/2020:13:55:22 +0000] "GET /favicon.ico HTTP/1.1" 200 - "http://localhost:3000/products" "Mozilla/5.0 (Windows NT 6.3; Win64; x64) AppleWebKit/537.36 (KHTML, like Gecko) Chrome/81.0.4044.113 Safari/537.36"
::1 - - [18/Apr/2020:13:55:30 +0000] "GET /products/5e920a72742d6d23d8e7b0ad HTTP/1.1" 200 - "http://localhost:3000/products" "Mozilla/5.0 (Windows NT 6.3; Win64; x64) AppleWebKit/537.36 (KHTML, like Gecko) Chrome/81.0.4044.113 Safari/537.36"
::1 - - [18/Apr/2020:13:55:30 +0000] "GET /css/main.css HTTP/1.1" 200 - "http://localhost:3000/products/5e920a72742d6d23d8e7b0ad" "Mozilla/5.0 (Windows NT 6.3; Win64; x64) AppleWebKit/537.36 (KHTML, like Gecko) Chrome/81.0.4044.113 Safari/537.36"
::1 - - [18/Apr/2020:13:55:30 +0000] "GET /css/shop.css HTTP/1.1" 200 - "http://localhost:3000/products/5e920a72742d6d23d8e7b0ad" "Mozilla/5.0 (Windows NT 6.3; Win64; x64) AppleWebKit/537.36 (KHTML, like Gecko) Chrome/81.0.4044.113 Safari/537.36"
::1 - - [18/Apr/2020:13:55:30 +0000] "GET /images/dq5zt72wk8vy2vk3-HarryPotter.png HTTP/1.1" 200 555088 "http://localhost:3000/products/5e920a72742d6d23d8e7b0ad" "Mozilla/5.0 (Windows NT 6.3; Win64; x64) AppleWebKit/537.36 (KHTML, like Gecko) Chrome/81.0.4044.113 Safari/537.36"
::1 - - [18/Apr/2020:13:55:31 +0000] "GET /favicon.ico HTTP/1.1" 200 - "http://localhost:3000/products/5e920a72742d6d23d8e7b0ad" "Mozilla/5.0 (Windows NT 6.3; Win64; x64) AppleWebKit/537.36 (KHTML, like Gecko) Chrome/81.0.4044.113 Safari/537.36"
::1 - - [18/Apr/2020:13:55:34 +0000] "GET /products HTTP/1.1" 200 - "http://localhost:3000/products/5e920a72742d6d23d8e7b0ad" "Mozilla/5.0 (Windows NT 6.3; Win64; x64) AppleWebKit/537.36 (KHTML, like Gecko) Chrome/81.0.4044.113 Safari/537.36"
::1 - - [18/Apr/2020:13:55:34 +0000] "GET /css/main.css HTTP/1.1" 200 - "http://localhost:3000/products" "Mozilla/5.0 (Windows NT 6.3; Win64; x64) AppleWebKit/537.36 (KHTML, like Gecko) Chrome/81.0.4044.113 Safari/537.36"
::1 - - [18/Apr/2020:13:55:34 +0000] "GET /css/shop.css HTTP/1.1" 200 - "http://localhost:3000/products" "Mozilla/5.0 (Windows NT 6.3; Win64; x64) AppleWebKit/537.36 (KHTML, like Gecko) Chrome/81.0.4044.113 Safari/537.36"
::1 - - [18/Apr/2020:13:55:34 +0000] "GET /images/dq5zt72wk8vy2vk3-HarryPotter.png HTTP/1.1" 200 555088 "http://localhost:3000/products" "Mozilla/5.0 (Windows NT 6.3; Win64; x64) AppleWebKit/537.36 (KHTML, like Gecko) Chrome/81.0.4044.113 Safari/537.36"
::1 - - [18/Apr/2020:13:55:35 +0000] "GET /favicon.ico HTTP/1.1" 200 - "http://localhost:3000/products" "Mozilla/5.0 (Windows NT 6.3; Win64; x64) AppleWebKit/537.36 (KHTML, like Gecko) Chrome/81.0.4044.113 Safari/537.36"
::1 - - [18/Apr/2020:13:56:45 +0000] "GET / HTTP/1.1" 200 - "http://localhost:3000/products" "Mozilla/5.0 (Windows NT 6.3; Win64; x64) AppleWebKit/537.36 (KHTML, like Gecko) Chrome/81.0.4044.113 Safari/537.36"
::1 - - [18/Apr/2020:13:56:45 +0000] "GET /css/main.css HTTP/1.1" 200 - "http://localhost:3000/" "Mozilla/5.0 (Windows NT 6.3; Win64; x64) AppleWebKit/537.36 (KHTML, like Gecko) Chrome/81.0.4044.113 Safari/537.36"
::1 - - [18/Apr/2020:13:56:45 +0000] "GET /css/shop.css HTTP/1.1" 200 - "http://localhost:3000/" "Mozilla/5.0 (Windows NT 6.3; Win64; x64) AppleWebKit/537.36 (KHTML, like Gecko) Chrome/81.0.4044.113 Safari/537.36"
::1 - - [18/Apr/2020:13:56:45 +0000] "GET /images/dq5zt72wk8vy2vk3-HarryPotter.png HTTP/1.1" 200 555088 "http://localhost:3000/" "Mozilla/5.0 (Windows NT 6.3; Win64; x64) AppleWebKit/537.36 (KHTML, like Gecko) Chrome/81.0.4044.113 Safari/537.36"
::1 - - [18/Apr/2020:13:56:45 +0000] "GET /favicon.ico HTTP/1.1" 200 - "http://localhost:3000/" "Mozilla/5.0 (Windows NT 6.3; Win64; x64) AppleWebKit/537.36 (KHTML, like Gecko) Chrome/81.0.4044.113 Safari/537.36"
::1 - - [18/Apr/2020:13:56:47 +0000] "GET /products HTTP/1.1" 200 - "http://localhost:3000/" "Mozilla/5.0 (Windows NT 6.3; Win64; x64) AppleWebKit/537.36 (KHTML, like Gecko) Chrome/81.0.4044.113 Safari/537.36"
::1 - - [18/Apr/2020:13:56:48 +0000] "GET /css/main.css HTTP/1.1" 200 - "http://localhost:3000/products" "Mozilla/5.0 (Windows NT 6.3; Win64; x64) AppleWebKit/537.36 (KHTML, like Gecko) Chrome/81.0.4044.113 Safari/537.36"
::1 - - [18/Apr/2020:13:56:48 +0000] "GET /css/shop.css HTTP/1.1" 200 - "http://localhost:3000/products" "Mozilla/5.0 (Windows NT 6.3; Win64; x64) AppleWebKit/537.36 (KHTML, like Gecko) Chrome/81.0.4044.113 Safari/537.36"
::1 - - [18/Apr/2020:13:56:48 +0000] "GET /images/dq5zt72wk8vy2vk3-HarryPotter.png HTTP/1.1" 200 555088 "http://localhost:3000/products" "Mozilla/5.0 (Windows NT 6.3; Win64; x64) AppleWebKit/537.36 (KHTML, like Gecko) Chrome/81.0.4044.113 Safari/537.36"
::1 - - [18/Apr/2020:13:56:48 +0000] "GET /favicon.ico HTTP/1.1" 200 - "http://localhost:3000/products" "Mozilla/5.0 (Windows NT 6.3; Win64; x64) AppleWebKit/537.36 (KHTML, like Gecko) Chrome/81.0.4044.113 Safari/537.36"
::1 - - [18/Apr/2020:13:57:03 +0000] "GET /products/5e920a72742d6d23d8e7b0ad HTTP/1.1" 200 - "http://localhost:3000/products" "Mozilla/5.0 (Windows NT 6.3; Win64; x64) AppleWebKit/537.36 (KHTML, like Gecko) Chrome/81.0.4044.113 Safari/537.36"
::1 - - [18/Apr/2020:13:57:03 +0000] "GET /css/main.css HTTP/1.1" 200 - "http://localhost:3000/products/5e920a72742d6d23d8e7b0ad" "Mozilla/5.0 (Windows NT 6.3; Win64; x64) AppleWebKit/537.36 (KHTML, like Gecko) Chrome/81.0.4044.113 Safari/537.36"
::1 - - [18/Apr/2020:13:57:03 +0000] "GET /css/shop.css HTTP/1.1" 200 - "http://localhost:3000/products/5e920a72742d6d23d8e7b0ad" "Mozilla/5.0 (Windows NT 6.3; Win64; x64) AppleWebKit/537.36 (KHTML, like Gecko) Chrome/81.0.4044.113 Safari/537.36"
::1 - - [18/Apr/2020:13:57:03 +0000] "GET /images/dq5zt72wk8vy2vk3-HarryPotter.png HTTP/1.1" 200 555088 "http://localhost:3000/products/5e920a72742d6d23d8e7b0ad" "Mozilla/5.0 (Windows NT 6.3; Win64; x64) AppleWebKit/537.36 (KHTML, like Gecko) Chrome/81.0.4044.113 Safari/537.36"
::1 - - [18/Apr/2020:13:57:04 +0000] "GET /favicon.ico HTTP/1.1" 200 - "http://localhost:3000/products/5e920a72742d6d23d8e7b0ad" "Mozilla/5.0 (Windows NT 6.3; Win64; x64) AppleWebKit/537.36 (KHTML, like Gecko) Chrome/81.0.4044.113 Safari/537.36"
::1 - - [18/Apr/2020:13:57:09 +0000] "GET /products HTTP/1.1" 200 - "http://localhost:3000/" "Mozilla/5.0 (Windows NT 6.3; Win64; x64) AppleWebKit/537.36 (KHTML, like Gecko) Chrome/81.0.4044.113 Safari/537.36"
::1 - - [18/Apr/2020:13:57:09 +0000] "GET /css/main.css HTTP/1.1" 200 - "http://localhost:3000/products" "Mozilla/5.0 (Windows NT 6.3; Win64; x64) AppleWebKit/537.36 (KHTML, like Gecko) Chrome/81.0.4044.113 Safari/537.36"
::1 - - [18/Apr/2020:13:57:09 +0000] "GET /css/shop.css HTTP/1.1" 200 - "http://localhost:3000/products" "Mozilla/5.0 (Windows NT 6.3; Win64; x64) AppleWebKit/537.36 (KHTML, like Gecko) Chrome/81.0.4044.113 Safari/537.36"
::1 - - [18/Apr/2020:13:57:09 +0000] "GET /images/dq5zt72wk8vy2vk3-HarryPotter.png HTTP/1.1" 200 555088 "http://localhost:3000/products" "Mozilla/5.0 (Windows NT 6.3; Win64; x64) AppleWebKit/537.36 (KHTML, like Gecko) Chrome/81.0.4044.113 Safari/537.36"
::1 - - [18/Apr/2020:13:57:10 +0000] "GET /favicon.ico HTTP/1.1" 200 - "http://localhost:3000/products" "Mozilla/5.0 (Windows NT 6.3; Win64; x64) AppleWebKit/537.36 (KHTML, like Gecko) Chrome/81.0.4044.113 Safari/537.36"
::1 - - [18/Apr/2020:13:59:15 +0000] "GET / HTTP/1.1" 200 - "http://localhost:3000/products" "Mozilla/5.0 (Windows NT 6.3; Win64; x64) AppleWebKit/537.36 (KHTML, like Gecko) Chrome/81.0.4044.113 Safari/537.36"
::1 - - [18/Apr/2020:13:59:16 +0000] "GET /css/main.css HTTP/1.1" 200 - "http://localhost:3000/" "Mozilla/5.0 (Windows NT 6.3; Win64; x64) AppleWebKit/537.36 (KHTML, like Gecko) Chrome/81.0.4044.113 Safari/537.36"
::1 - - [18/Apr/2020:13:59:16 +0000] "GET /css/shop.css HTTP/1.1" 200 - "http://localhost:3000/" "Mozilla/5.0 (Windows NT 6.3; Win64; x64) AppleWebKit/537.36 (KHTML, like Gecko) Chrome/81.0.4044.113 Safari/537.36"
::1 - - [18/Apr/2020:13:59:16 +0000] "GET /images/dq5zt72wk8vy2vk3-HarryPotter.png HTTP/1.1" 200 555088 "http://localhost:3000/" "Mozilla/5.0 (Windows NT 6.3; Win64; x64) AppleWebKit/537.36 (KHTML, like Gecko) Chrome/81.0.4044.113 Safari/537.36"
::1 - - [18/Apr/2020:13:59:17 +0000] "GET /favicon.ico HTTP/1.1" 200 - "http://localhost:3000/" "Mozilla/5.0 (Windows NT 6.3; Win64; x64) AppleWebKit/537.36 (KHTML, like Gecko) Chrome/81.0.4044.113 Safari/537.36"
::1 - - [18/Apr/2020:14:33:40 +0000] "GET /products HTTP/1.1" 200 - "http://localhost:3000/" "Mozilla/5.0 (Windows NT 6.3; Win64; x64) AppleWebKit/537.36 (KHTML, like Gecko) Chrome/81.0.4044.113 Safari/537.36"
::1 - - [18/Apr/2020:14:33:40 +0000] "GET /css/main.css HTTP/1.1" 200 - "http://localhost:3000/products" "Mozilla/5.0 (Windows NT 6.3; Win64; x64) AppleWebKit/537.36 (KHTML, like Gecko) Chrome/81.0.4044.113 Safari/537.36"
::1 - - [18/Apr/2020:14:33:40 +0000] "GET /css/shop.css HTTP/1.1" 200 - "http://localhost:3000/products" "Mozilla/5.0 (Windows NT 6.3; Win64; x64) AppleWebKit/537.36 (KHTML, like Gecko) Chrome/81.0.4044.113 Safari/537.36"
::1 - - [18/Apr/2020:14:33:40 +0000] "GET /images/dq5zt72wk8vy2vk3-HarryPotter.png HTTP/1.1" 200 555088 "http://localhost:3000/products" "Mozilla/5.0 (Windows NT 6.3; Win64; x64) AppleWebKit/537.36 (KHTML, like Gecko) Chrome/81.0.4044.113 Safari/537.36"
::1 - - [18/Apr/2020:14:33:40 +0000] "GET /favicon.ico HTTP/1.1" 200 - "http://localhost:3000/products" "Mozilla/5.0 (Windows NT 6.3; Win64; x64) AppleWebKit/537.36 (KHTML, like Gecko) Chrome/81.0.4044.113 Safari/537.36"
::1 - - [18/Apr/2020:14:33:42 +0000] "GET / HTTP/1.1" 200 - "http://localhost:3000/products" "Mozilla/5.0 (Windows NT 6.3; Win64; x64) AppleWebKit/537.36 (KHTML, like Gecko) Chrome/81.0.4044.113 Safari/537.36"
::1 - - [18/Apr/2020:14:33:42 +0000] "GET /css/main.css HTTP/1.1" 200 - "http://localhost:3000/" "Mozilla/5.0 (Windows NT 6.3; Win64; x64) AppleWebKit/537.36 (KHTML, like Gecko) Chrome/81.0.4044.113 Safari/537.36"
::1 - - [18/Apr/2020:14:33:42 +0000] "GET /css/shop.css HTTP/1.1" 200 - "http://localhost:3000/" "Mozilla/5.0 (Windows NT 6.3; Win64; x64) AppleWebKit/537.36 (KHTML, like Gecko) Chrome/81.0.4044.113 Safari/537.36"
::1 - - [18/Apr/2020:14:33:43 +0000] "GET /images/dq5zt72wk8vy2vk3-HarryPotter.png HTTP/1.1" 200 555088 "http://localhost:3000/" "Mozilla/5.0 (Windows NT 6.3; Win64; x64) AppleWebKit/537.36 (KHTML, like Gecko) Chrome/81.0.4044.113 Safari/537.36"
::1 - - [18/Apr/2020:14:33:44 +0000] "GET /favicon.ico HTTP/1.1" 200 - "http://localhost:3000/" "Mozilla/5.0 (Windows NT 6.3; Win64; x64) AppleWebKit/537.36 (KHTML, like Gecko) Chrome/81.0.4044.113 Safari/537.36"
::ffff:127.0.0.1 - - [18/Apr/2020:14:34:02 +0000] "GET /images/dq5zt72wk8vy2vk3-HarryPotter.png HTTP/1.1" 206 321128 "http://localhost:3000/" "Mozilla/5.0 (Windows NT 6.3; Win64; x64) AppleWebKit/537.36 (KHTML, like Gecko) Chrome/81.0.4044.113 Safari/537.36"
::ffff:127.0.0.1 - - [18/Apr/2020:14:34:02 +0000] "GET /images/dq5zt72wk8vy2vk3-HarryPotter.png HTTP/1.1" 206 148639 "http://localhost:3000/" "Mozilla/5.0 (Windows NT 6.3; Win64; x64) AppleWebKit/537.36 (KHTML, like Gecko) Chrome/81.0.4044.113 Safari/537.36"
::ffff:127.0.0.1 - - [18/Apr/2020:14:34:02 +0000] "GET /images/dq5zt72wk8vy2vk3-HarryPotter.png HTTP/1.1" 206 74320 "http://localhost:3000/" "Mozilla/5.0 (Windows NT 6.3; Win64; x64) AppleWebKit/537.36 (KHTML, like Gecko) Chrome/81.0.4044.113 Safari/537.36"
::ffff:127.0.0.1 - - [18/Apr/2020:14:34:02 +0000] "GET /images/dq5zt72wk8vy2vk3-HarryPotter.png HTTP/1.1" 206 25234 "http://localhost:3000/" "Mozilla/5.0 (Windows NT 6.3; Win64; x64) AppleWebKit/537.36 (KHTML, like Gecko) Chrome/81.0.4044.113 Safari/537.36"
::ffff:127.0.0.1 - - [18/Apr/2020:14:34:02 +0000] "GET /images/dq5zt72wk8vy2vk3-HarryPotter.png HTTP/1.1" 200 555088 "http://localhost:3000/" "Mozilla/5.0 (Windows NT 6.3; Win64; x64) AppleWebKit/537.36 (KHTML, like Gecko) Chrome/81.0.4044.113 Safari/537.36"
::ffff:127.0.0.1 - - [18/Apr/2020:14:34:02 +0000] "GET /images/dq5zt72wk8vy2vk3-HarryPotter.png HTTP/1.1" 206 19458 "http://localhost:3000/" "Mozilla/5.0 (Windows NT 6.3; Win64; x64) AppleWebKit/537.36 (KHTML, like Gecko) Chrome/81.0.4044.113 Safari/537.36"
::ffff:127.0.0.1 - - [18/Apr/2020:14:34:02 +0000] "GET /images/dq5zt72wk8vy2vk3-HarryPotter.png HTTP/1.1" 206 15983 "http://localhost:3000/" "Mozilla/5.0 (Windows NT 6.3; Win64; x64) AppleWebKit/537.36 (KHTML, like Gecko) Chrome/81.0.4044.113 Safari/537.36"
::ffff:127.0.0.1 - - [18/Apr/2020:14:34:02 +0000] "GET /images/dq5zt72wk8vy2vk3-HarryPotter.png HTTP/1.1" 206 12618 "http://localhost:3000/" "Mozilla/5.0 (Windows NT 6.3; Win64; x64) AppleWebKit/537.36 (KHTML, like Gecko) Chrome/81.0.4044.113 Safari/537.36"
::1 - - [18/Apr/2020:14:34:39 +0000] "GET /products HTTP/1.1" 200 - "http://localhost:3000/" "Mozilla/5.0 (Windows NT 6.3; Win64; x64) AppleWebKit/537.36 (KHTML, like Gecko) Chrome/81.0.4044.113 Safari/537.36"
::1 - - [18/Apr/2020:14:34:40 +0000] "GET /css/main.css HTTP/1.1" 200 - "http://localhost:3000/products" "Mozilla/5.0 (Windows NT 6.3; Win64; x64) AppleWebKit/537.36 (KHTML, like Gecko) Chrome/81.0.4044.113 Safari/537.36"
::1 - - [18/Apr/2020:14:34:40 +0000] "GET /css/shop.css HTTP/1.1" 200 - "http://localhost:3000/products" "Mozilla/5.0 (Windows NT 6.3; Win64; x64) AppleWebKit/537.36 (KHTML, like Gecko) Chrome/81.0.4044.113 Safari/537.36"
::1 - - [18/Apr/2020:14:34:40 +0000] "GET /images/dq5zt72wk8vy2vk3-HarryPotter.png HTTP/1.1" 200 555088 "http://localhost:3000/products" "Mozilla/5.0 (Windows NT 6.3; Win64; x64) AppleWebKit/537.36 (KHTML, like Gecko) Chrome/81.0.4044.113 Safari/537.36"
::1 - - [18/Apr/2020:14:34:40 +0000] "GET /favicon.ico HTTP/1.1" 200 - "http://localhost:3000/products" "Mozilla/5.0 (Windows NT 6.3; Win64; x64) AppleWebKit/537.36 (KHTML, like Gecko) Chrome/81.0.4044.113 Safari/537.36"
::1 - - [18/Apr/2020:14:34:52 +0000] "GET / HTTP/1.1" 200 - "http://localhost:3000/products" "Mozilla/5.0 (Windows NT 6.3; Win64; x64) AppleWebKit/537.36 (KHTML, like Gecko) Chrome/81.0.4044.113 Safari/537.36"
::1 - - [18/Apr/2020:14:34:52 +0000] "GET /css/main.css HTTP/1.1" 200 - "http://localhost:3000/" "Mozilla/5.0 (Windows NT 6.3; Win64; x64) AppleWebKit/537.36 (KHTML, like Gecko) Chrome/81.0.4044.113 Safari/537.36"
::1 - - [18/Apr/2020:14:34:52 +0000] "GET /css/shop.css HTTP/1.1" 200 - "http://localhost:3000/" "Mozilla/5.0 (Windows NT 6.3; Win64; x64) AppleWebKit/537.36 (KHTML, like Gecko) Chrome/81.0.4044.113 Safari/537.36"
::1 - - [18/Apr/2020:14:34:52 +0000] "GET /images/dq5zt72wk8vy2vk3-HarryPotter.png HTTP/1.1" 200 555088 "http://localhost:3000/" "Mozilla/5.0 (Windows NT 6.3; Win64; x64) AppleWebKit/537.36 (KHTML, like Gecko) Chrome/81.0.4044.113 Safari/537.36"
::1 - - [18/Apr/2020:14:34:53 +0000] "GET /favicon.ico HTTP/1.1" 200 - "http://localhost:3000/" "Mozilla/5.0 (Windows NT 6.3; Win64; x64) AppleWebKit/537.36 (KHTML, like Gecko) Chrome/81.0.4044.113 Safari/537.36"
::1 - - [18/Apr/2020:15:10:52 +0000] "GET / HTTP/1.1" 200 - "-" "Mozilla/5.0 (Windows NT 6.3; Win64; x64) AppleWebKit/537.36 (KHTML, like Gecko) Chrome/81.0.4044.113 Safari/537.36"
::1 - - [18/Apr/2020:15:10:52 +0000] "GET /css/main.css HTTP/1.1" 200 - "https://localhost:3000/" "Mozilla/5.0 (Windows NT 6.3; Win64; x64) AppleWebKit/537.36 (KHTML, like Gecko) Chrome/81.0.4044.113 Safari/537.36"
::1 - - [18/Apr/2020:15:10:52 +0000] "GET /css/shop.css HTTP/1.1" 200 - "https://localhost:3000/" "Mozilla/5.0 (Windows NT 6.3; Win64; x64) AppleWebKit/537.36 (KHTML, like Gecko) Chrome/81.0.4044.113 Safari/537.36"
::1 - - [18/Apr/2020:15:10:52 +0000] "GET /images/dq5zt72wk8vy2vk3-HarryPotter.png HTTP/1.1" 200 555088 "https://localhost:3000/" "Mozilla/5.0 (Windows NT 6.3; Win64; x64) AppleWebKit/537.36 (KHTML, like Gecko) Chrome/81.0.4044.113 Safari/537.36"
::1 - - [18/Apr/2020:15:10:53 +0000] "GET /favicon.ico HTTP/1.1" 200 - "https://localhost:3000/" "Mozilla/5.0 (Windows NT 6.3; Win64; x64) AppleWebKit/537.36 (KHTML, like Gecko) Chrome/81.0.4044.113 Safari/537.36"
::1 - - [18/Apr/2020:15:15:33 +0000] "GET / HTTP/1.1" 200 - "-" "Mozilla/5.0 (Windows NT 6.3; Win64; x64) AppleWebKit/537.36 (KHTML, like Gecko) Chrome/81.0.4044.113 Safari/537.36"
::1 - - [18/Apr/2020:15:15:33 +0000] "GET /css/main.css HTTP/1.1" 200 - "https://localhost:3000/" "Mozilla/5.0 (Windows NT 6.3; Win64; x64) AppleWebKit/537.36 (KHTML, like Gecko) Chrome/81.0.4044.113 Safari/537.36"
::1 - - [18/Apr/2020:15:15:33 +0000] "GET /css/shop.css HTTP/1.1" 200 - "https://localhost:3000/" "Mozilla/5.0 (Windows NT 6.3; Win64; x64) AppleWebKit/537.36 (KHTML, like Gecko) Chrome/81.0.4044.113 Safari/537.36"
::1 - - [18/Apr/2020:15:15:33 +0000] "GET /images/dq5zt72wk8vy2vk3-HarryPotter.png HTTP/1.1" 200 555088 "https://localhost:3000/" "Mozilla/5.0 (Windows NT 6.3; Win64; x64) AppleWebKit/537.36 (KHTML, like Gecko) Chrome/81.0.4044.113 Safari/537.36"
::1 - - [18/Apr/2020:15:15:34 +0000] "GET /favicon.ico HTTP/1.1" 200 - "https://localhost:3000/" "Mozilla/5.0 (Windows NT 6.3; Win64; x64) AppleWebKit/537.36 (KHTML, like Gecko) Chrome/81.0.4044.113 Safari/537.36"
::1 - - [18/Apr/2020:15:41:58 +0000] "GET /products HTTP/1.1" 200 - "https://localhost:3000/" "Mozilla/5.0 (Windows NT 6.3; Win64; x64) AppleWebKit/537.36 (KHTML, like Gecko) Chrome/81.0.4044.113 Safari/537.36"
::1 - - [18/Apr/2020:15:41:58 +0000] "GET /css/main.css HTTP/1.1" 200 - "https://localhost:3000/products" "Mozilla/5.0 (Windows NT 6.3; Win64; x64) AppleWebKit/537.36 (KHTML, like Gecko) Chrome/81.0.4044.113 Safari/537.36"
::1 - - [18/Apr/2020:15:41:58 +0000] "GET /css/shop.css HTTP/1.1" 200 - "https://localhost:3000/products" "Mozilla/5.0 (Windows NT 6.3; Win64; x64) AppleWebKit/537.36 (KHTML, like Gecko) Chrome/81.0.4044.113 Safari/537.36"
::1 - - [18/Apr/2020:15:41:58 +0000] "GET /images/dq5zt72wk8vy2vk3-HarryPotter.png HTTP/1.1" 200 555088 "https://localhost:3000/products" "Mozilla/5.0 (Windows NT 6.3; Win64; x64) AppleWebKit/537.36 (KHTML, like Gecko) Chrome/81.0.4044.113 Safari/537.36"
::1 - - [18/Apr/2020:15:41:59 +0000] "GET /favicon.ico HTTP/1.1" 200 - "https://localhost:3000/products" "Mozilla/5.0 (Windows NT 6.3; Win64; x64) AppleWebKit/537.36 (KHTML, like Gecko) Chrome/81.0.4044.113 Safari/537.36"
::1 - - [27/Apr/2020:04:19:05 +0000] "GET / HTTP/1.1" 200 - "-" "Mozilla/5.0 (Windows NT 6.3; Win64; x64) AppleWebKit/537.36 (KHTML, like Gecko) Chrome/81.0.4044.122 Safari/537.36"
::1 - - [27/Apr/2020:04:19:05 +0000] "GET /css/shop.css HTTP/1.1" 200 - "http://localhost:3000/" "Mozilla/5.0 (Windows NT 6.3; Win64; x64) AppleWebKit/537.36 (KHTML, like Gecko) Chrome/81.0.4044.122 Safari/537.36"
::1 - - [27/Apr/2020:04:19:05 +0000] "GET /css/main.css HTTP/1.1" 200 - "http://localhost:3000/" "Mozilla/5.0 (Windows NT 6.3; Win64; x64) AppleWebKit/537.36 (KHTML, like Gecko) Chrome/81.0.4044.122 Safari/537.36"
::1 - - [27/Apr/2020:04:19:06 +0000] "GET /images/dq5zt72wk8vy2vk3-HarryPotter.png HTTP/1.1" 200 555088 "http://localhost:3000/" "Mozilla/5.0 (Windows NT 6.3; Win64; x64) AppleWebKit/537.36 (KHTML, like Gecko) Chrome/81.0.4044.122 Safari/537.36"
::1 - - [27/Apr/2020:04:19:09 +0000] "GET /products HTTP/1.1" 200 - "http://localhost:3000/" "Mozilla/5.0 (Windows NT 6.3; Win64; x64) AppleWebKit/537.36 (KHTML, like Gecko) Chrome/81.0.4044.122 Safari/537.36"
::1 - - [27/Apr/2020:04:19:09 +0000] "GET /css/main.css HTTP/1.1" 304 - "http://localhost:3000/products" "Mozilla/5.0 (Windows NT 6.3; Win64; x64) AppleWebKit/537.36 (KHTML, like Gecko) Chrome/81.0.4044.122 Safari/537.36"
::1 - - [27/Apr/2020:04:19:09 +0000] "GET /css/shop.css HTTP/1.1" 304 - "http://localhost:3000/products" "Mozilla/5.0 (Windows NT 6.3; Win64; x64) AppleWebKit/537.36 (KHTML, like Gecko) Chrome/81.0.4044.122 Safari/537.36"
::1 - - [27/Apr/2020:04:19:09 +0000] "GET /images/dq5zt72wk8vy2vk3-HarryPotter.png HTTP/1.1" 304 - "http://localhost:3000/products" "Mozilla/5.0 (Windows NT 6.3; Win64; x64) AppleWebKit/537.36 (KHTML, like Gecko) Chrome/81.0.4044.122 Safari/537.36"
